[debug] [2026-04-22T02:43:05.775Z] ----------------------------------------------------------------------
[debug] [2026-04-22T02:43:05.782Z] Command:       C:\Program Files\nodejs\node.exe C:\Users\RENI KUSWATI\AppData\Roaming\npm\node_modules\firebase-tools\lib\bin\firebase.js init
[debug] [2026-04-22T02:43:05.783Z] CLI Version:   15.15.0
[debug] [2026-04-22T02:43:05.783Z] Platform:      win32
[debug] [2026-04-22T02:43:05.783Z] Node Version:  v24.14.0
[debug] [2026-04-22T02:43:05.783Z] Time:          Wed Apr 22 2026 09:43:05 GMT+0700 (Waktu Indonesia Barat)
[debug] [2026-04-22T02:43:05.783Z] ----------------------------------------------------------------------
[debug] 
[info] 
     ######## #### ########  ######## ########     ###     ######  ########
     ##        ##  ##     ## ##       ##     ##  ##   ##  ##       ##
     ######    ##  ########  ######   ########  #########  ######  ######
     ##        ##  ##    ##  ##       ##     ## ##     ##       ## ##
     ##       #### ##     ## ######## ########  ##     ##  ######  ########

You're about to initialize a Firebase project in this directory:

  C:\Users\RENI KUSWATI\OneDrive\Dokumen\LAPTOP 2024\Adek Aldo\Yii_dinamic

[debug] [2026-04-22T02:43:59.096Z] ExitPromptError: User force closed the prompt with SIGINT
    at Interface.sigint (C:\Users\RENI KUSWATI\AppData\Roaming\npm\node_modules\firebase-tools\node_modules\@inquirer\core\dist\commonjs\lib\create-prompt.js:101:37)
    at Interface.emit (node:events:508:28)
    at [_ttyWrite] [as _ttyWrite] (node:internal/readline/interface:1327:18)
    at ReadStream.onkeypress (node:internal/readline/interface:284:20)
    at ReadStream.emit (node:events:520:35)
    at emitKeys (node:internal/readline/utils:371:14)
    at emitKeys.next (<anonymous>)
    at ReadStream.onData (node:internal/readline/emitKeypressEvents:64:36)
    at ReadStream.emit (node:events:508:28)
    at addChunk (node:internal/streams/readable:563:12)
[error] 
[error] Error: An unexpected error has occurred.
